2014 09 13 11:21:22 info  扫描周围电视2014 09 13 11:21:22 info  您选择的电视为：haier012014 09 13 11:21:24 info  {"sender":"client","changeType":"Up","step":1,"value":1}2014 09 13 11:21:24 info  {"sender":"client","changeType":"Down","step":1,"value":1}2014 09 13 11:21:25 info  {"sender":"client","changeType":"Jump","step":1,"value":10}2014 09 13 11:21:25 info  {"sender":"client","changeType":"Up","step":1,"value":1}2014 09 13 11:21:25 info  {"sender":"client","changeType":"Down","step":1,"value":1}2014 09 13 11:21:26 info  {"sender":"client","changeType":"Jump","step":1,"value":10}2014 09 13 11:21:26 info  {"sender":"client","text":"单击","peripheralType":"mouse"}2014 09 13 11:21:27 info  {"sender":"client","text":"K","peripheralType":"mouse"}2014 09 13 11:21:28 info  {"sender":"client","text":"8","peripheralType":"mouse"}2014 09 13 11:21:29 info  {"sender":"client"}2014 09 13 11:21:30 info  {"sender":"client"}2014 09 13 11:21:31 info  {"sender":"client","mediaType":"video","filePath":"/user/video/敢死队3.avi","name":null}2014 09 13 11:21:31 info  {"sender":"client","mediaType":"audio","filePath":"/usr/music/朋友.mp3","name":null}2014 09 13 11:21:31 info  {"sender":"client","mediaType":"picture","filePath":"/user/picture/美图2.jpg","name":null}2014-09-13 11:23:48 info  扫描周围电视
2014-09-13 11:23:49 info  您选择的电视为：haier01
2014-09-13 11:23:50 info  {"sender":"client","changeType":"Up","step":1,"value":1}
2014-09-13 11:23:50 info  {"sender":"client","changeType":"Down","step":1,"value":1}
2014-09-13 11:23:51 info  {"sender":"client","changeType":"Jump","step":1,"value":10}
2014-09-13 11:23:51 info  {"sender":"client","changeType":"Up","step":1,"value":1}
2014-09-13 11:23:51 info  {"sender":"client","changeType":"Down","step":1,"value":1}
2014-09-13 11:23:52 info  {"sender":"client","changeType":"Jump","step":1,"value":10}
2014-09-13 11:23:53 info  {"sender":"client","text":"单击","peripheralType":"mouse"}
2014-09-13 11:23:54 info  {"sender":"client","text":"K","peripheralType":"mouse"}
2014-09-13 11:23:54 info  {"sender":"client","text":"8","peripheralType":"mouse"}
2014-09-13 11:23:55 info  {"sender":"client"}
2014-09-13 11:23:56 info  {"sender":"client"}
2014-09-13 11:23:57 info  {"sender":"client","mediaType":"video","filePath":"/user/video/敢死队3.avi","name":null}
2014-09-13 11:23:57 info  {"sender":"client","mediaType":"audio","filePath":"/usr/music/朋友.mp3","name":null}
2014-09-13 11:23:57 info  {"sender":"client","mediaType":"picture","filePath":"/user/picture/美图2.jpg","name":null}
2014-09-13 11:41:43 info  扫描周围电视
2014-09-13 11:41:44 info  您选择的电视为：haier01
2014-09-13 11:41:45 info  voiceCtr:{"sender":"client","changeType":"Up","step":1,"value":1}
2014-09-13 11:41:45 info  voiceCtr:{"sender":"client","changeType":"Down","step":1,"value":1}
2014-09-13 11:41:46 info  voiceCtr:{"sender":"client","changeType":"Jump","step":1,"value":10}
2014-09-13 11:41:46 info  channelCtr:{"sender":"client","changeType":"Up","step":1,"value":1}
2014-09-13 11:41:46 info  channelCtr:{"sender":"client","changeType":"Down","step":1,"value":1}
2014-09-13 11:41:47 info  channelCtr:{"sender":"client","changeType":"Jump","step":1,"value":10}
2014-09-13 11:41:48 info  mouseCtr:{"sender":"client","text":"单击","peripheralType":"mouse"}
2014-09-13 11:41:49 info  keyboardCtr:{"sender":"client","text":"K","peripheralType":"mouse"}
2014-09-13 11:41:49 info  remoteControlCtr:{"sender":"client","text":"8","peripheralType":"mouse"}
2014-09-13 11:41:50 info  shutDownCtr:{"sender":"client"}
2014-09-13 11:41:51 info  browseLocalMediaCtr:{"sender":"client"}
2014-09-13 11:41:52 info  localMediaPlayCtr:{"sender":"client","mediaType":"video","filePath":"/user/video/敢死队3.avi","name":null}
2014-09-13 11:41:52 info  localMediaPlayCtr:{"sender":"client","mediaType":"audio","filePath":"/usr/music/朋友.mp3","name":null}
2014-09-13 11:41:52 info  localMediaPlayCtr:{"sender":"client","mediaType":"picture","filePath":"/user/picture/美图2.jpg","name":null}
2014-09-13 11:41:53 info  browseOnlineMediaCtr:{"sender":"client"}
2014-09-13 11:41:56 info  onlineVideoPlayCtr:{"sender":"client","mediaType":"picture","filePath":"http://video.iflytek.com/bianxingjingang.avi","name":"变形金刚4"}
2014-09-13 11:42:01 info  voiceCtr:{"sender":"yuyin","changeType":"Up","step":1,"value":1}
2014-09-13 11:42:02 info  onlineVideoPlayCtr:{"sender":"client","mediaType":"picture","filePath":"http://video.iflytek.com/bianxingjingang.avi","name":"变形金刚4"}
2014-09-13 11:45:19 info  扫描周围电视
2014-09-13 11:45:19 info  您选择的电视为：haier01
2014-09-13 11:45:21 info  voiceCtr:{"sender":"client","changeType":"Up","step":1,"value":1}
2014-09-13 11:45:21 info  voiceCtr:{"sender":"client","changeType":"Down","step":1,"value":1}
2014-09-13 11:45:22 info  voiceCtr:{"sender":"client","changeType":"Jump","step":1,"value":10}
2014-09-13 11:45:22 info  channelCtr:{"sender":"client","changeType":"Up","step":1,"value":1}
2014-09-13 11:45:22 info  channelCtr:{"sender":"client","changeType":"Down","step":1,"value":1}
2014-09-13 11:45:23 info  channelCtr:{"sender":"client","changeType":"Jump","step":1,"value":10}
2014-09-13 11:45:23 info  mouseCtr:{"sender":"client","text":"单击","peripheralType":"mouse"}
2014-09-13 11:45:24 info  keyboardCtr:{"sender":"client","text":"K","peripheralType":"mouse"}
2014-09-13 11:45:25 info  remoteControlCtr:{"sender":"client","text":"8","peripheralType":"mouse"}
2014-09-13 11:45:26 info  shutDownCtr:{"sender":"client"}
2014-09-13 11:45:27 info  browseLocalMediaCtr:{"sender":"client"}
2014-09-13 11:45:28 info  localMediaPlayCtr:{"sender":"client","mediaType":"video","filePath":"/user/video/敢死队3.avi","name":null}
2014-09-13 11:45:28 info  localMediaPlayCtr:{"sender":"client","mediaType":"audio","filePath":"/usr/music/朋友.mp3","name":null}
2014-09-13 11:45:28 info  localMediaPlayCtr:{"sender":"client","mediaType":"picture","filePath":"/user/picture/美图2.jpg","name":null}
2014-09-13 11:45:29 info  browseOnlineMediaCtr:{"sender":"client"}
2014-09-13 11:45:32 info  onlineVideoPlayCtr:{"sender":"client","mediaType":"picture","filePath":"http://video.iflytek.com/bianxingjingang.avi","name":"变形金刚4"}
2014-09-13 11:45:37 info  voiceCtr:{"sender":"yuyin","changeType":"Up","step":1,"value":1}
2014-09-13 11:45:38 info  channelCtr:{"sender":"yuyin","changeType":"Jump","step":1,"value":10}
2014-09-13 11:47:18 info  扫描周围电视
2014-09-13 11:47:19 info  您选择的电视为：haier01
2014-09-13 11:47:20 info  voiceCtr:{"sender":"client","changeType":"Up","step":1,"value":1}
2014-09-13 11:47:20 info  voiceCtr:{"sender":"client","changeType":"Down","step":1,"value":1}
2014-09-13 11:47:21 info  voiceCtr:{"sender":"client","changeType":"Jump","step":1,"value":10}
2014-09-13 11:47:21 info  channelCtr:{"sender":"client","changeType":"Up","step":1,"value":1}
2014-09-13 11:47:21 info  channelCtr:{"sender":"client","changeType":"Down","step":1,"value":1}
2014-09-13 11:47:22 info  channelCtr:{"sender":"client","changeType":"Jump","step":1,"value":10}
2014-09-13 11:47:23 info  mouseCtr:{"sender":"client","text":"单击","peripheralType":"mouse"}
2014-09-13 11:47:24 info  keyboardCtr:{"sender":"client","text":"K","peripheralType":"mouse"}
2014-09-13 11:47:25 info  remoteControlCtr:{"sender":"client","text":"8","peripheralType":"mouse"}
2014-09-13 11:47:26 info  shutDownCtr:{"sender":"client"}
2014-09-13 11:47:27 info  browseLocalMediaCtr:{"sender":"client"}
2014-09-13 11:47:28 info  localMediaPlayCtr:{"sender":"client","mediaType":"video","filePath":"/user/video/敢死队3.avi","name":null}
2014-09-13 11:47:28 info  localMediaPlayCtr:{"sender":"client","mediaType":"audio","filePath":"/usr/music/朋友.mp3","name":null}
2014-09-13 11:47:28 info  localMediaPlayCtr:{"sender":"client","mediaType":"picture","filePath":"/user/picture/美图2.jpg","name":null}
2014-09-13 11:47:28 info  browseOnlineMediaCtr:{"sender":"client"}
2014-09-13 11:47:31 info  onlineVideoPlayCtr:{"sender":"client","mediaType":"picture","filePath":"http://video.iflytek.com/bianxingjingang.avi","name":"变形金刚4"}
2014-09-13 11:47:37 info  voiceCtr:{"sender":"yuyin","changeType":"Up","step":1,"value":1}
2014-09-13 11:47:37 info  channelCtr:{"sender":"yuyin","changeType":"Jump","step":1,"value":10}
